<?xml version="1.0" encoding="UTF-8"?>
<testsuite name="org.mainPackage.engine.entities.impl.PhysicsTest" tests="1" skipped="0" failures="0" errors="0" timestamp="2025-06-17T22:52:23.693Z" hostname="RISOFRESCO" time="0.01">
  <properties/>
  <testcase name="playerCollisionsTest()" classname="org.mainPackage.engine.entities.impl.PhysicsTest" time="0.01"/>
  <system-out><![CDATA[FirstY: 10.0
SecondY: 10.0
thirdY: 8.0
Sonic action: jumping
]]></system-out>
  <system-err><![CDATA[]]></system-err>
</testsuite>
