<?xml version="1.0" encoding="UTF-8"?>
<testsuite name="org.mainPackage.engine.entities.impl.PhysicsTest" tests="2" skipped="0" failures="0" errors="0" timestamp="2025-06-17T12:52:12.383Z" hostname="RISOFRESCO" time="0.023">
  <properties/>
  <testcase name="checkIfSonicDies()" classname="org.mainPackage.engine.entities.impl.PhysicsTest" time="0.012"/>
  <testcase name="playerCollisionsTest()" classname="org.mainPackage.engine.entities.impl.PhysicsTest" time="0.009"/>
  <system-out><![CDATA[State: walking
FirstY: 10.0
SecondY: 10.0
thirdY: 8.0
]]></system-out>
  <system-err><![CDATA[]]></system-err>
</testsuite>
