<?xml version="1.0" encoding="UTF-8"?>
<testsuite name="org.mainPackage.engine.components.PhysicsTypes.RingPhysicsTest" tests="1" skipped="0" failures="0" errors="0" timestamp="2025-06-19T13:34:34.558Z" hostname="Filo" time="0.002">
  <properties/>
  <testcase name="playerPickUpTest()" classname="org.mainPackage.engine.components.PhysicsTypes.RingPhysicsTest" time="0.002"/>
  <system-out><![CDATA[]]></system-out>
  <system-err><![CDATA[]]></system-err>
</testsuite>
