<?xml version="1.0" encoding="UTF-8"?>
<testsuite name="org.mainPackage.engine.components.PhysicsTypes.PlayerPhysicsTest" tests="1" skipped="0" failures="0" errors="0" timestamp="2025-06-18T13:28:25.954Z" hostname="RISOFRESCO" time="0.041">
  <properties/>
  <testcase name="playerCollisionsTest()" classname="org.mainPackage.engine.components.PhysicsTypes.PlayerPhysicsTest" time="0.041"/>
  <system-out><![CDATA[FirstY: 10.0
SecondY: 10.0
thirdY: 8.0
idle
firstX: 10.0
secondX: 10.0
thirdX: 9.9
]]></system-out>
  <system-err><![CDATA[]]></system-err>
</testsuite>
