<?xml version="1.0" encoding="UTF-8"?>
<testsuite name="org.mainPackage.AppTest" tests="1" skipped="0" failures="0" errors="0" timestamp="2025-06-16T23:18:48.059Z" hostname="Filo" time="0.013">
  <properties/>
  <testcase name="appHasAGreeting()" classname="org.mainPackage.AppTest" time="0.013"/>
  <system-out><![CDATA[]]></system-out>
  <system-err><![CDATA[]]></system-err>
</testsuite>
