<?xml version="1.0" encoding="UTF-8"?>
<testsuite name="org.mainPackage.engine.entities.impl.EntityTest" tests="1" skipped="0" failures="0" errors="0" timestamp="2025-06-16T23:18:48.077Z" hostname="Filo" time="0.059">
  <properties/>
  <testcase name="componentsAddedCorrectly()" classname="org.mainPackage.engine.entities.impl.EntityTest" time="0.059"/>
  <system-out><![CDATA[]]></system-out>
  <system-err><![CDATA[]]></system-err>
</testsuite>
