<?xml version="1.0" encoding="UTF-8"?>
<testsuite name="org.mainPackage.engine.entities.impl.EntityTest" tests="1" skipped="0" failures="0" errors="0" timestamp="2025-06-16T17:58:41.621Z" hostname="Filo" time="0.08">
  <properties/>
  <testcase name="componentsAddedCorrectly()" classname="org.mainPackage.engine.entities.impl.EntityTest" time="0.08"/>
  <system-out><![CDATA[]]></system-out>
  <system-err><![CDATA[]]></system-err>
</testsuite>
