<?xml version="1.0" encoding="UTF-8"?>
<testsuite name="org.mainPackage.engine.components.PhysicsTypes.EnemyPhysicsTest" tests="2" skipped="0" failures="0" errors="0" timestamp="2025-06-18T23:46:52.932Z" hostname="RISOFRESCO" time="0.04">
  <properties/>
  <testcase name="testFalling()" classname="org.mainPackage.engine.components.PhysicsTypes.EnemyPhysicsTest" time="0.031"/>
  <testcase name="testTheChaseAndCollisionWithGround()" classname="org.mainPackage.engine.components.PhysicsTypes.EnemyPhysicsTest" time="0.007"/>
  <system-out><![CDATA[FirstY: 10.0
SecondY: 10.4
]]></system-out>
  <system-err><![CDATA[]]></system-err>
</testsuite>
