<?xml version="1.0" encoding="UTF-8"?>

<testsuite name="org.mainPackage.engine.components.PhysicsTypes.RingPhysicsTest" tests="1" skipped="0" failures="0" errors="0" timestamp="2025-06-19T09:48:06.382Z" hostname="RISOFRESCO" time="0.004">
  <properties/>
  <testcase name="playerPickUpTest()" classname="org.mainPackage.engine.components.PhysicsTypes.RingPhysicsTest" time="0.004"/>
  <system-out><![CDATA[]]></system-out>
  <system-err><![CDATA[]]></system-err>
</testsuite>
