<?xml version="1.0" encoding="UTF-8"?>
<testsuite name="org.mainPackage.engine.components.PhysicsTypes.PlayerPhysicsTest" tests="2" skipped="0" failures="0" errors="0" timestamp="2025-06-19T00:12:33.619Z" hostname="Filo" time="0.018">
  <properties/>
  <testcase name="checkIfSonicFalls()" classname="org.mainPackage.engine.components.PhysicsTypes.PlayerPhysicsTest" time="0.009"/>
  <testcase name="playerCollisionsTest()" classname="org.mainPackage.engine.components.PhysicsTypes.PlayerPhysicsTest" time="0.004"/>
  <system-out><![CDATA[FirstY: 10.0
SecondY: 10.5
thirdY: 11.4
FirstY: 10.0
SecondY: 10.0
thirdY: 8.0
idle
firstX: 10.0
secondX: 10.0
thirdX: 9.9
]]></system-out>
  <system-err><![CDATA[]]></system-err>
</testsuite>
