<?xml version="1.0" encoding="UTF-8"?>
<testsuite name="org.mainPackage.engine.entities.impl.EntityTest" tests="1" skipped="0" failures="0" errors="0" timestamp="2025-06-19T13:34:34.563Z" hostname="Filo" time="0.092">
  <properties/>
  <testcase name="componentsAddedCorrectly()" classname="org.mainPackage.engine.entities.impl.EntityTest" time="0.092"/>
  <system-out><![CDATA[]]></system-out>
  <system-err><![CDATA[]]></system-err>
</testsuite>
