<?xml version="1.0" encoding="UTF-8"?>
<testsuite name="org.mainPackage.AppTest" tests="1" skipped="0" failures="0" errors="0" timestamp="2025-06-18T09:42:47.124Z" hostname="MacBook-Pro-di-Francesco.local" time="0.001">
  <properties/>
  <testcase name="appHasAGreeting()" classname="org.mainPackage.AppTest" time="0.001"/>
  <system-out><![CDATA[]]></system-out>
  <system-err><![CDATA[]]></system-err>
</testsuite>
